0 info it worked if it ends with ok
1 verbose cli [ '/Users/rahul/.nvm/versions/node/v6.11.0/bin/node',
1 verbose cli   '/Users/rahul/.nvm/versions/node/v6.11.0/bin/npm',
1 verbose cli   'run',
1 verbose cli   'lint' ]
2 info using npm@3.10.10
3 info using node@v6.11.0
4 verbose run-script [ 'prelint', 'lint', 'postlint' ]
5 info lifecycle iiitv-getmein@0.1.0~prelint: iiitv-getmein@0.1.0
6 silly lifecycle iiitv-getmein@0.1.0~prelint: no script for prelint, continuing
7 info lifecycle iiitv-getmein@0.1.0~lint: iiitv-getmein@0.1.0
8 verbose lifecycle iiitv-getmein@0.1.0~lint: unsafe-perm in lifecycle true
9 verbose lifecycle iiitv-getmein@0.1.0~lint: PATH: /Users/rahul/.nvm/versions/node/v6.11.0/lib/node_modules/npm/bin/node-gyp-bin:/Users/rahul/repos/pers/hackoctober_fest/getmein-web/node_modules/.bin:/Users/rahul/.nvm/versions/node/v6.11.0/bin:/Users/rahul/.rbenv/shims:/usr/local/bin:/usr/bin:/bin:/usr/sbin:/sbin:/Users/rahul/.sdkman/candidates/java/current/bin:/Users/rahul/.rbenv/shims:/Users/rahul/bin/:/Users/rahul/bin/
10 verbose lifecycle iiitv-getmein@0.1.0~lint: CWD: /Users/rahul/repos/pers/hackoctober_fest/getmein-web
11 silly lifecycle iiitv-getmein@0.1.0~lint: Args: [ '-c', 'eslint ./public' ]
12 silly lifecycle iiitv-getmein@0.1.0~lint: Returned: code: 1  signal: null
13 info lifecycle iiitv-getmein@0.1.0~lint: Failed to exec lint script
14 verbose stack Error: iiitv-getmein@0.1.0 lint: `eslint ./public`
14 verbose stack Exit status 1
14 verbose stack     at EventEmitter.<anonymous> (/Users/rahul/.nvm/versions/node/v6.11.0/lib/node_modules/npm/lib/utils/lifecycle.js:255:16)
14 verbose stack     at emitTwo (events.js:106:13)
14 verbose stack     at EventEmitter.emit (events.js:191:7)
14 verbose stack     at ChildProcess.<anonymous> (/Users/rahul/.nvm/versions/node/v6.11.0/lib/node_modules/npm/lib/utils/spawn.js:40:14)
14 verbose stack     at emitTwo (events.js:106:13)
14 verbose stack     at ChildProcess.emit (events.js:191:7)
14 verbose stack     at maybeClose (internal/child_process.js:891:16)
14 verbose stack     at Process.ChildProcess._handle.onexit (internal/child_process.js:226:5)
15 verbose pkgid iiitv-getmein@0.1.0
16 verbose cwd /Users/rahul/repos/pers/hackoctober_fest/getmein-web
17 error Darwin 17.5.0
18 error argv "/Users/rahul/.nvm/versions/node/v6.11.0/bin/node" "/Users/rahul/.nvm/versions/node/v6.11.0/bin/npm" "run" "lint"
19 error node v6.11.0
20 error npm  v3.10.10
21 error code ELIFECYCLE
22 error iiitv-getmein@0.1.0 lint: `eslint ./public`
22 error Exit status 1
23 error Failed at the iiitv-getmein@0.1.0 lint script 'eslint ./public'.
23 error Make sure you have the latest version of node.js and npm installed.
23 error If you do, this is most likely a problem with the iiitv-getmein package,
23 error not with npm itself.
23 error Tell the author that this fails on your system:
23 error     eslint ./public
23 error You can get information on how to open an issue for this project with:
23 error     npm bugs iiitv-getmein
23 error Or if that isn't available, you can get their info via:
23 error     npm owner ls iiitv-getmein
23 error There is likely additional logging output above.
24 verbose exit [ 1, true ]
